mode: set
sirclo/api/controller/CartController.go:18.65,20.2 1 0
sirclo/api/controller/CartController.go:23.59,25.16 2 0
sirclo/api/controller/CartController.go:31.2,31.37 1 0
sirclo/api/controller/CartController.go:25.16,29.3 3 0
sirclo/api/controller/CartController.go:35.58,37.18 2 0
sirclo/api/controller/CartController.go:42.2,43.16 2 0
sirclo/api/controller/CartController.go:49.2,49.36 1 0
sirclo/api/controller/CartController.go:37.18,40.3 2 0
sirclo/api/controller/CartController.go:43.16,47.3 3 0
sirclo/api/controller/CartController.go:53.61,55.18 2 0
sirclo/api/controller/CartController.go:61.2,62.45 2 0
sirclo/api/controller/CartController.go:69.2,73.16 4 0
sirclo/api/controller/CartController.go:80.2,81.36 2 0
sirclo/api/controller/CartController.go:55.18,59.3 2 0
sirclo/api/controller/CartController.go:62.45,67.3 3 0
sirclo/api/controller/CartController.go:73.16,78.3 3 0
sirclo/api/controller/CartController.go:87.61,89.45 2 0
sirclo/api/controller/CartController.go:95.2,98.16 4 0
sirclo/api/controller/CartController.go:104.2,105.36 2 0
sirclo/api/controller/CartController.go:89.45,93.3 3 0
sirclo/api/controller/CartController.go:98.16,102.3 3 0
sirclo/api/controller/CartController.go:110.61,112.18 2 0
sirclo/api/controller/CartController.go:118.2,122.16 3 0
sirclo/api/controller/CartController.go:128.2,129.36 2 0
sirclo/api/controller/CartController.go:112.18,116.3 2 0
sirclo/api/controller/CartController.go:122.16,126.3 3 0
sirclo/api/controller/OrderController.go:18.69,20.2 1 0
sirclo/api/controller/OrderController.go:23.61,26.16 3 0
sirclo/api/controller/OrderController.go:32.2,32.38 1 0
sirclo/api/controller/OrderController.go:26.16,30.3 3 0
sirclo/api/controller/OrderController.go:36.60,38.18 2 0
sirclo/api/controller/OrderController.go:43.2,45.16 3 0
sirclo/api/controller/OrderController.go:51.2,51.41 1 0
sirclo/api/controller/OrderController.go:38.18,42.3 2 0
sirclo/api/controller/OrderController.go:45.16,49.3 3 0
sirclo/api/controller/OrderController.go:55.67,57.45 2 0
sirclo/api/controller/OrderController.go:63.2,66.16 3 0
sirclo/api/controller/OrderController.go:72.2,73.36 2 0
sirclo/api/controller/OrderController.go:57.45,61.3 3 0
sirclo/api/controller/OrderController.go:66.16,70.3 3 0
sirclo/api/controller/OrderController.go:78.70,80.45 2 0
sirclo/api/controller/OrderController.go:86.2,89.16 3 0
sirclo/api/controller/OrderController.go:95.2,96.36 2 0
sirclo/api/controller/OrderController.go:80.45,84.3 3 0
sirclo/api/controller/OrderController.go:89.16,93.3 3 0
sirclo/api/controller/ProductController.go:18.77,20.2 1 1
sirclo/api/controller/ProductController.go:23.65,25.16 2 0
sirclo/api/controller/ProductController.go:31.2,31.40 1 0
sirclo/api/controller/ProductController.go:25.16,29.3 3 0
sirclo/api/controller/ProductController.go:34.71,37.16 3 0
sirclo/api/controller/ProductController.go:43.2,43.40 1 0
sirclo/api/controller/ProductController.go:37.16,41.3 3 0
sirclo/api/controller/ProductController.go:47.64,49.18 2 0
sirclo/api/controller/ProductController.go:54.2,55.16 2 0
sirclo/api/controller/ProductController.go:61.2,61.39 1 0
sirclo/api/controller/ProductController.go:49.18,52.3 2 0
sirclo/api/controller/ProductController.go:55.16,59.3 3 0
sirclo/api/controller/ProductController.go:65.67,67.18 2 0
sirclo/api/controller/ProductController.go:73.2,74.45 2 0
sirclo/api/controller/ProductController.go:81.2,85.16 4 0
sirclo/api/controller/ProductController.go:92.2,93.36 2 0
sirclo/api/controller/ProductController.go:67.18,71.3 2 0
sirclo/api/controller/ProductController.go:74.45,79.3 3 0
sirclo/api/controller/ProductController.go:85.16,90.3 3 0
sirclo/api/controller/ProductController.go:99.67,101.45 2 0
sirclo/api/controller/ProductController.go:107.2,110.16 4 0
sirclo/api/controller/ProductController.go:116.2,117.36 2 0
sirclo/api/controller/ProductController.go:101.45,105.3 3 0
sirclo/api/controller/ProductController.go:110.16,114.3 3 0
sirclo/api/controller/ProductController.go:122.67,124.18 2 0
sirclo/api/controller/ProductController.go:130.2,134.16 3 0
sirclo/api/controller/ProductController.go:140.2,141.36 2 0
sirclo/api/controller/ProductController.go:124.18,128.3 2 0
sirclo/api/controller/ProductController.go:134.16,138.3 3 0
sirclo/api/controller/UserController.go:20.103,22.2 1 0
sirclo/api/controller/UserController.go:24.59,26.39 2 0
sirclo/api/controller/UserController.go:32.2,33.16 2 0
sirclo/api/controller/UserController.go:39.2,40.16 2 0
sirclo/api/controller/UserController.go:46.2,48.40 3 0
sirclo/api/controller/UserController.go:26.39,30.3 3 0
sirclo/api/controller/UserController.go:33.16,37.3 3 0
sirclo/api/controller/UserController.go:40.16,44.3 3 0
sirclo/api/controller/UserController.go:52.59,54.16 2 0
sirclo/api/controller/UserController.go:59.2,59.37 1 0
sirclo/api/controller/UserController.go:54.16,57.3 2 0
sirclo/api/controller/UserController.go:63.58,65.18 2 0
sirclo/api/controller/UserController.go:70.2,71.16 2 0
sirclo/api/controller/UserController.go:77.2,77.36 1 0
sirclo/api/controller/UserController.go:65.18,68.3 2 0
sirclo/api/controller/UserController.go:71.16,75.3 3 0
sirclo/api/controller/UserController.go:81.60,84.16 3 0
sirclo/api/controller/UserController.go:90.2,90.36 1 0
sirclo/api/controller/UserController.go:84.16,88.3 3 0
sirclo/api/controller/UserController.go:94.61,96.18 2 0
sirclo/api/controller/UserController.go:102.2,103.45 2 0
sirclo/api/controller/UserController.go:109.2,110.16 2 0
sirclo/api/controller/UserController.go:116.2,118.36 3 0
sirclo/api/controller/UserController.go:96.18,100.3 2 0
sirclo/api/controller/UserController.go:103.45,107.3 2 0
sirclo/api/controller/UserController.go:110.16,114.3 2 0
sirclo/api/controller/UserController.go:124.61,126.45 2 0
sirclo/api/controller/UserController.go:131.2,132.16 2 0
sirclo/api/controller/UserController.go:137.2,138.36 2 0
sirclo/api/controller/UserController.go:126.45,129.3 2 0
sirclo/api/controller/UserController.go:132.16,135.3 2 0
sirclo/api/controller/UserController.go:143.61,145.18 2 0
sirclo/api/controller/UserController.go:150.2,151.16 2 0
sirclo/api/controller/UserController.go:156.2,158.36 3 0
sirclo/api/controller/UserController.go:145.18,148.3 2 0
sirclo/api/controller/UserController.go:151.16,154.3 2 0
